2025-01-13 00:40:57,676 - DEBUG - Validating dates for event filtering...
2025-01-13 00:40:57,676 - DEBUG - Validating dates for event filtering...
2025-01-13 00:40:57,676 - DEBUG - Validated dates: start_date=2025-01-15T10:00:00Z, end_date=2025-01-15T11:00:00Z
2025-01-13 00:40:57,676 - DEBUG - Validated dates: start_date=2025-01-15T10:00:00Z, end_date=2025-01-15T11:00:00Z
2025-01-13 00:40:57,676 - DEBUG - Fetching events with auth_mode: me and filters.
2025-01-13 00:40:57,676 - DEBUG - Fetching events with auth_mode: me and filters.
2025-01-13 00:40:57,676 - DEBUG - Making GET request to URL: https://graph.microsoft.com/v1.0/me/events with params: {'$select': 'id,subject,start,end,isOnlineMeeting,attendees,organizer,onlineMeeting', '$top': '50', '$filter': "start/dateTime ge '2025-01-15T10:00:00Z' and end/dateTime le '2025-01-15T11:00:00Z'"}
2025-01-13 00:40:57,676 - DEBUG - Making GET request to URL: https://graph.microsoft.com/v1.0/me/events with params: {'$select': 'id,subject,start,end,isOnlineMeeting,attendees,organizer,onlineMeeting', '$top': '50', '$filter': "start/dateTime ge '2025-01-15T10:00:00Z' and end/dateTime le '2025-01-15T11:00:00Z'"}
2025-01-13 00:40:57,848 - ERROR - Error fetching events: 401 - {"error":{"code":"InvalidAuthenticationToken","message":"Lifetime validation failed, the token is expired.","innerError":{"date":"2025-01-12T19:10:58","request-id":"9110bcb2-72ef-4d63-9630-b887d6e00761","client-request-id":"9110bcb2-72ef-4d63-9630-b887d6e00761"}}}
2025-01-13 00:40:57,848 - ERROR - Error fetching events: 401 - {"error":{"code":"InvalidAuthenticationToken","message":"Lifetime validation failed, the token is expired.","innerError":{"date":"2025-01-12T19:10:58","request-id":"9110bcb2-72ef-4d63-9630-b887d6e00761","client-request-id":"9110bcb2-72ef-4d63-9630-b887d6e00761"}}}
2025-01-13 00:40:57,850 - ERROR - An error occurred while fetching events.
Traceback (most recent call last):
  File "c:\Users\dhamd\Desktop\Internship\Scheduling a meeting(Abhishek Dhamdhere)\version5\Functions\fetch_events.py", line 120, in fetch_events
    raise Exception(error_message)
Exception: Error fetching events: 401 - {"error":{"code":"InvalidAuthenticationToken","message":"Lifetime validation failed, the token is expired.","innerError":{"date":"2025-01-12T19:10:58","request-id":"9110bcb2-72ef-4d63-9630-b887d6e00761","client-request-id":"9110bcb2-72ef-4d63-9630-b887d6e00761"}}}
2025-01-13 00:40:57,850 - ERROR - An error occurred while fetching events.
Traceback (most recent call last):
  File "c:\Users\dhamd\Desktop\Internship\Scheduling a meeting(Abhishek Dhamdhere)\version5\Functions\fetch_events.py", line 120, in fetch_events
    raise Exception(error_message)
Exception: Error fetching events: 401 - {"error":{"code":"InvalidAuthenticationToken","message":"Lifetime validation failed, the token is expired.","innerError":{"date":"2025-01-12T19:10:58","request-id":"9110bcb2-72ef-4d63-9630-b887d6e00761","client-request-id":"9110bcb2-72ef-4d63-9630-b887d6e00761"}}}
2025-01-13 00:40:57,851 - ERROR - Error checking for event overlap: Error fetching events: 401 - {"error":{"code":"InvalidAuthenticationToken","message":"Lifetime validation failed, the token is expired.","innerError":{"date":"2025-01-12T19:10:58","request-id":"9110bcb2-72ef-4d63-9630-b887d6e00761","client-request-id":"9110bcb2-72ef-4d63-9630-b887d6e00761"}}}
2025-01-13 00:40:57,851 - ERROR - Error checking for event overlap: Error fetching events: 401 - {"error":{"code":"InvalidAuthenticationToken","message":"Lifetime validation failed, the token is expired.","innerError":{"date":"2025-01-12T19:10:58","request-id":"9110bcb2-72ef-4d63-9630-b887d6e00761","client-request-id":"9110bcb2-72ef-4d63-9630-b887d6e00761"}}}
2025-01-13 00:40:57,999 - ERROR - Error scheduling meeting: 401 - {"error":{"code":"InvalidAuthenticationToken","message":"Lifetime validation failed, the token is expired.","innerError":{"date":"2025-01-12T19:10:58","request-id":"057c72ed-0191-4442-9fa3-5abb924bdcd2","client-request-id":"057c72ed-0191-4442-9fa3-5abb924bdcd2"}}}
2025-01-13 00:40:57,999 - ERROR - Error scheduling meeting: 401 - {"error":{"code":"InvalidAuthenticationToken","message":"Lifetime validation failed, the token is expired.","innerError":{"date":"2025-01-12T19:10:58","request-id":"057c72ed-0191-4442-9fa3-5abb924bdcd2","client-request-id":"057c72ed-0191-4442-9fa3-5abb924bdcd2"}}}
