2025-01-13 02:03:59,699 - ERROR - Failed to delete event event_id_here: {'error': {'code': 'ErrorInvalidIdMalformed', 'message': 'Id is malformed.'}}
2025-01-13 02:03:59,699 - ERROR - Failed to delete event event_id_here: {'error': {'code': 'ErrorInvalidIdMalformed', 'message': 'Id is malformed.'}}
2025-01-13 02:03:59,699 - ERROR - Failed to delete event event_id_here: {'error': {'code': 'ErrorInvalidIdMalformed', 'message': 'Id is malformed.'}}
2025-01-13 02:03:59,825 - ERROR - Failed to cancel event event_id_here: {'error': {'code': 'ErrorInvalidIdMalformed', 'message': 'Id is malformed.'}}
2025-01-13 02:03:59,825 - ERROR - Failed to cancel event event_id_here: {'error': {'code': 'ErrorInvalidIdMalformed', 'message': 'Id is malformed.'}}
2025-01-13 02:03:59,825 - ERROR - Failed to cancel event event_id_here: {'error': {'code': 'ErrorInvalidIdMalformed', 'message': 'Id is malformed.'}}
2025-01-13 02:03:59,825 - ERROR - Failed to cancel event event_id_here: {'error': {'code': 'ErrorInvalidIdMalformed', 'message': 'Id is malformed.'}}
2025-01-13 02:03:59,832 - DEBUG - Validating dates for event filtering...
2025-01-13 02:03:59,832 - DEBUG - Validating dates for event filtering...
2025-01-13 02:03:59,832 - DEBUG - Validating dates for event filtering...
2025-01-13 02:03:59,832 - DEBUG - Validating dates for event filtering...
2025-01-13 02:03:59,832 - DEBUG - Validating dates for event filtering...
2025-01-13 02:03:59,832 - DEBUG - Validated dates: start_date=2025-01-15T10:00:00Z, end_date=2025-01-15T11:00:00Z
2025-01-13 02:03:59,832 - DEBUG - Validated dates: start_date=2025-01-15T10:00:00Z, end_date=2025-01-15T11:00:00Z
2025-01-13 02:03:59,832 - DEBUG - Validated dates: start_date=2025-01-15T10:00:00Z, end_date=2025-01-15T11:00:00Z
2025-01-13 02:03:59,832 - DEBUG - Validated dates: start_date=2025-01-15T10:00:00Z, end_date=2025-01-15T11:00:00Z
2025-01-13 02:03:59,832 - DEBUG - Validated dates: start_date=2025-01-15T10:00:00Z, end_date=2025-01-15T11:00:00Z
2025-01-13 02:03:59,832 - DEBUG - Fetching events with auth_mode: me and filters.
2025-01-13 02:03:59,832 - DEBUG - Fetching events with auth_mode: me and filters.
2025-01-13 02:03:59,832 - DEBUG - Fetching events with auth_mode: me and filters.
2025-01-13 02:03:59,832 - DEBUG - Fetching events with auth_mode: me and filters.
2025-01-13 02:03:59,832 - DEBUG - Fetching events with auth_mode: me and filters.
2025-01-13 02:03:59,832 - DEBUG - Making GET request to URL: https://graph.microsoft.com/v1.0/me/events with params: {'$select': 'id,subject,start,end,isOnlineMeeting,attendees,organizer,onlineMeeting', '$top': '50', '$filter': "start/dateTime ge '2025-01-15T10:00:00Z' and end/dateTime le '2025-01-15T11:00:00Z'"}
2025-01-13 02:03:59,832 - DEBUG - Making GET request to URL: https://graph.microsoft.com/v1.0/me/events with params: {'$select': 'id,subject,start,end,isOnlineMeeting,attendees,organizer,onlineMeeting', '$top': '50', '$filter': "start/dateTime ge '2025-01-15T10:00:00Z' and end/dateTime le '2025-01-15T11:00:00Z'"}
2025-01-13 02:03:59,832 - DEBUG - Making GET request to URL: https://graph.microsoft.com/v1.0/me/events with params: {'$select': 'id,subject,start,end,isOnlineMeeting,attendees,organizer,onlineMeeting', '$top': '50', '$filter': "start/dateTime ge '2025-01-15T10:00:00Z' and end/dateTime le '2025-01-15T11:00:00Z'"}
2025-01-13 02:03:59,832 - DEBUG - Making GET request to URL: https://graph.microsoft.com/v1.0/me/events with params: {'$select': 'id,subject,start,end,isOnlineMeeting,attendees,organizer,onlineMeeting', '$top': '50', '$filter': "start/dateTime ge '2025-01-15T10:00:00Z' and end/dateTime le '2025-01-15T11:00:00Z'"}
2025-01-13 02:03:59,832 - DEBUG - Making GET request to URL: https://graph.microsoft.com/v1.0/me/events with params: {'$select': 'id,subject,start,end,isOnlineMeeting,attendees,organizer,onlineMeeting', '$top': '50', '$filter': "start/dateTime ge '2025-01-15T10:00:00Z' and end/dateTime le '2025-01-15T11:00:00Z'"}
2025-01-13 02:03:59,961 - INFO - Successfully fetched events.
2025-01-13 02:03:59,961 - INFO - Successfully fetched events.
2025-01-13 02:03:59,961 - INFO - Successfully fetched events.
2025-01-13 02:03:59,961 - INFO - Successfully fetched events.
2025-01-13 02:03:59,961 - INFO - Successfully fetched events.
2025-01-13 02:03:59,962 - INFO - Found 2 events during the proposed time frame.
2025-01-13 02:03:59,962 - INFO - Found 2 events during the proposed time frame.
2025-01-13 02:03:59,962 - INFO - Found 2 events during the proposed time frame.
2025-01-13 02:03:59,962 - INFO - Found 2 events during the proposed time frame.
2025-01-13 02:03:59,962 - INFO - Found 2 events during the proposed time frame.
2025-01-13 02:03:59,965 - ERROR - Unable to schedule meeting due to overlap with existing events.
2025-01-13 02:03:59,965 - ERROR - Unable to schedule meeting due to overlap with existing events.
2025-01-13 02:03:59,965 - ERROR - Unable to schedule meeting due to overlap with existing events.
2025-01-13 02:03:59,965 - ERROR - Unable to schedule meeting due to overlap with existing events.
2025-01-13 02:03:59,965 - ERROR - Unable to schedule meeting due to overlap with existing events.
